-------------------------------------------------------------------------------
Test set: net.paf.testCourier.CourierWithWrongCredentialsTest
-------------------------------------------------------------------------------
Tests run: 4, Failures: 1, Errors: 0, Skipped: 0, Time elapsed: 64.019 s <<< FAILURE! - in net.paf.testCourier.CourierWithWrongCredentialsTest
net.paf.testCourier.CourierWithWrongCredentialsTest.courierLogsInWithoutPasswordTest  Time elapsed: 61.205 s  <<< FAILURE!
java.lang.AssertionError: Status code is incorrect expected:<400> but was:<504>
	at net.paf.testCourier.CourierWithWrongCredentialsTest.courierLogsInWithoutPasswordTest(CourierWithWrongCredentialsTest.java:49)

